[debug] [2021-03-02T15:09:11.559Z] ----------------------------------------------------------------------
[debug] [2021-03-02T15:09:11.561Z] Command:       /usr/local/Cellar/node/12.1.0/bin/node /usr/local/bin/firebase deploy --only functions
[debug] [2021-03-02T15:09:11.562Z] CLI Version:   9.5.0
[debug] [2021-03-02T15:09:11.562Z] Platform:      darwin
[debug] [2021-03-02T15:09:11.562Z] Node Version:  v12.1.0
[debug] [2021-03-02T15:09:11.563Z] Time:          Tue Mar 02 2021 10:09:11 GMT-0500 (Eastern Standard Time)
[debug] [2021-03-02T15:09:11.563Z] ----------------------------------------------------------------------
[debug] [2021-03-02T15:09:11.563Z] 
[debug] [2021-03-02T15:09:11.574Z] > command requires scopes: ["email","openid","https://www.googleapis.com/auth/cloudplatformprojects.readonly","https://www.googleapis.com/auth/firebase","https://www.googleapis.com/auth/cloud-platform"]
[debug] [2021-03-02T15:09:11.574Z] > authorizing via signed-in user
[debug] [2021-03-02T15:09:11.574Z] [iam] checking project feedboxx-e6837 for permissions ["cloudfunctions.functions.create","cloudfunctions.functions.delete","cloudfunctions.functions.get","cloudfunctions.functions.list","cloudfunctions.functions.update","cloudfunctions.operations.get","firebase.projects.get"]
[debug] [2021-03-02T15:09:11.576Z] > refreshing access token with scopes: ["email","https://www.googleapis.com/auth/cloud-platform","https://www.googleapis.com/auth/cloudplatformprojects.readonly","https://www.googleapis.com/auth/firebase","openid"]
[debug] [2021-03-02T15:09:11.577Z] >>> HTTP REQUEST POST https://www.googleapis.com/oauth2/v3/token  
 <request body omitted>
[debug] [2021-03-02T15:09:11.768Z] <<< HTTP RESPONSE 200 {"date":"Tue, 02 Mar 2021 15:09:11 GMT","expires":"Mon, 01 Jan 1990 00:00:00 GMT","cache-control":"no-cache, no-store, max-age=0, must-revalidate","pragma":"no-cache","content-type":"application/json; charset=utf-8","vary":"X-Origin, Referer, Origin,Accept-Encoding","server":"scaffolding on HTTPServer2","x-xss-protection":"0","x-frame-options":"SAMEORIGIN","x-content-type-options":"nosniff","alt-svc":"h3-29=\":443\"; ma=2592000,h3-T051=\":443\"; ma=2592000,h3-Q050=\":443\"; ma=2592000,h3-Q046=\":443\"; ma=2592000,h3-Q043=\":443\"; ma=2592000,quic=\":443\"; ma=2592000; v=\"46,43\"","accept-ranges":"none","transfer-encoding":"chunked"}
[debug] [2021-03-02T15:09:11.791Z] >>> HTTP REQUEST POST https://cloudresourcemanager.googleapis.com/v1/projects/feedboxx-e6837:testIamPermissions  
 {"permissions":["cloudfunctions.functions.create","cloudfunctions.functions.delete","cloudfunctions.functions.get","cloudfunctions.functions.list","cloudfunctions.functions.update","cloudfunctions.operations.get","firebase.projects.get"]}
[debug] [2021-03-02T15:09:11.980Z] <<< HTTP RESPONSE 200 {"content-type":"application/json; charset=UTF-8","vary":"X-Origin, Referer, Origin,Accept-Encoding","date":"Tue, 02 Mar 2021 15:09:11 GMT","server":"ESF","cache-control":"private","x-xss-protection":"0","x-frame-options":"SAMEORIGIN","x-content-type-options":"nosniff","server-timing":"gfet4t7; dur=41","alt-svc":"h3-29=\":443\"; ma=2592000,h3-T051=\":443\"; ma=2592000,h3-Q050=\":443\"; ma=2592000,h3-Q046=\":443\"; ma=2592000,h3-Q043=\":443\"; ma=2592000,quic=\":443\"; ma=2592000; v=\"46,43\"","accept-ranges":"none","transfer-encoding":"chunked"}
[debug] [2021-03-02T15:09:11.981Z] >>> HTTP REQUEST POST https://iam.googleapis.com/v1/projects/feedboxx-e6837/serviceAccounts/feedboxx-e6837@appspot.gserviceaccount.com:testIamPermissions  
 {"permissions":["iam.serviceAccounts.actAs"]}
[debug] [2021-03-02T15:09:12.118Z] <<< HTTP RESPONSE 200 {"content-type":"application/json; charset=UTF-8","vary":"X-Origin, Referer, Origin,Accept-Encoding","date":"Tue, 02 Mar 2021 15:09:12 GMT","server":"ESF","cache-control":"private","x-xss-protection":"0","x-frame-options":"SAMEORIGIN","x-content-type-options":"nosniff","alt-svc":"h3-29=\":443\"; ma=2592000,h3-T051=\":443\"; ma=2592000,h3-Q050=\":443\"; ma=2592000,h3-Q046=\":443\"; ma=2592000,h3-Q043=\":443\"; ma=2592000,quic=\":443\"; ma=2592000; v=\"46,43\"","accept-ranges":"none","transfer-encoding":"chunked"}
[info] 
[info] === Deploying to 'feedboxx-e6837'...
[info] 
[info] i  deploying functions 
[info] i  functions: ensuring required API cloudfunctions.googleapis.com is enabled... 
[info] i  functions: ensuring required API cloudbuild.googleapis.com is enabled... 
[debug] [2021-03-02T15:09:15.117Z] >>> HTTP REQUEST GET https://serviceusage.googleapis.com/v1/projects/feedboxx-e6837/services/cloudfunctions.googleapis.com  
 
[debug] [2021-03-02T15:09:15.118Z] >>> HTTP REQUEST GET https://serviceusage.googleapis.com/v1/projects/feedboxx-e6837/services/runtimeconfig.googleapis.com  
 
[debug] [2021-03-02T15:09:15.118Z] >>> HTTP REQUEST GET https://serviceusage.googleapis.com/v1/projects/feedboxx-e6837/services/cloudbuild.googleapis.com  
 
[debug] [2021-03-02T15:09:15.478Z] <<< HTTP RESPONSE 200 {"content-type":"application/json; charset=UTF-8","vary":"X-Origin, Referer, Origin,Accept-Encoding","date":"Tue, 02 Mar 2021 15:09:15 GMT","server":"ESF","cache-control":"private","x-xss-protection":"0","x-frame-options":"SAMEORIGIN","x-content-type-options":"nosniff","alt-svc":"h3-29=\":443\"; ma=2592000,h3-T051=\":443\"; ma=2592000,h3-Q050=\":443\"; ma=2592000,h3-Q046=\":443\"; ma=2592000,h3-Q043=\":443\"; ma=2592000,quic=\":443\"; ma=2592000; v=\"46,43\"","accept-ranges":"none","transfer-encoding":"chunked"}
[debug] [2021-03-02T15:09:15.508Z] <<< HTTP RESPONSE 200 {"content-type":"application/json; charset=UTF-8","vary":"X-Origin, Referer, Origin,Accept-Encoding","date":"Tue, 02 Mar 2021 15:09:15 GMT","server":"ESF","cache-control":"private","x-xss-protection":"0","x-frame-options":"SAMEORIGIN","x-content-type-options":"nosniff","alt-svc":"h3-29=\":443\"; ma=2592000,h3-T051=\":443\"; ma=2592000,h3-Q050=\":443\"; ma=2592000,h3-Q046=\":443\"; ma=2592000,h3-Q043=\":443\"; ma=2592000,quic=\":443\"; ma=2592000; v=\"46,43\"","accept-ranges":"none","transfer-encoding":"chunked"}
[info] ✔  functions: required API cloudfunctions.googleapis.com is enabled 
[debug] [2021-03-02T15:09:15.522Z] <<< HTTP RESPONSE 200 {"content-type":"application/json; charset=UTF-8","vary":"X-Origin, Referer, Origin,Accept-Encoding","date":"Tue, 02 Mar 2021 15:09:15 GMT","server":"ESF","cache-control":"private","x-xss-protection":"0","x-frame-options":"SAMEORIGIN","x-content-type-options":"nosniff","alt-svc":"h3-29=\":443\"; ma=2592000,h3-T051=\":443\"; ma=2592000,h3-Q050=\":443\"; ma=2592000,h3-Q046=\":443\"; ma=2592000,h3-Q043=\":443\"; ma=2592000,quic=\":443\"; ma=2592000; v=\"46,43\"","accept-ranges":"none","transfer-encoding":"chunked"}
[info] ✔  functions: required API cloudbuild.googleapis.com is enabled 
[debug] [2021-03-02T15:09:15.523Z] >>> HTTP REQUEST GET https://firebase.googleapis.com/v1beta1/projects/feedboxx-e6837/adminSdkConfig  
 
[debug] [2021-03-02T15:09:15.873Z] <<< HTTP RESPONSE 200 {"content-type":"application/json; charset=UTF-8","vary":"X-Origin, Referer, Origin,Accept-Encoding","date":"Tue, 02 Mar 2021 15:09:15 GMT","server":"ESF","cache-control":"private","x-xss-protection":"0","x-frame-options":"SAMEORIGIN","x-content-type-options":"nosniff","alt-svc":"h3-29=\":443\"; ma=2592000,h3-T051=\":443\"; ma=2592000,h3-Q050=\":443\"; ma=2592000,h3-Q046=\":443\"; ma=2592000,h3-Q043=\":443\"; ma=2592000,quic=\":443\"; ma=2592000; v=\"46,43\"","accept-ranges":"none","transfer-encoding":"chunked"}
[info] i  functions: preparing functions directory for uploading... 
[debug] [2021-03-02T15:09:15.875Z] >>> HTTP REQUEST GET https://runtimeconfig.googleapis.com/v1beta1/projects/feedboxx-e6837/configs  
 
[debug] [2021-03-02T15:09:16.203Z] <<< HTTP RESPONSE 200 {"content-type":"application/json; charset=UTF-8","vary":"X-Origin, Referer, Origin,Accept-Encoding","date":"Tue, 02 Mar 2021 15:09:16 GMT","server":"ESF","cache-control":"private","x-xss-protection":"0","x-frame-options":"SAMEORIGIN","x-content-type-options":"nosniff","alt-svc":"h3-29=\":443\"; ma=2592000,h3-T051=\":443\"; ma=2592000,h3-Q050=\":443\"; ma=2592000,h3-Q046=\":443\"; ma=2592000,h3-Q043=\":443\"; ma=2592000,quic=\":443\"; ma=2592000; v=\"46,43\"","accept-ranges":"none","transfer-encoding":"chunked"}
[info] i  functions: packaged functions (24.17 KB) for uploading 
[info] i  scheduler: ensuring required API cloudscheduler.googleapis.com is enabled... 
[info] i  pubsub: ensuring required API pubsub.googleapis.com is enabled... 
[debug] [2021-03-02T15:09:16.390Z] >>> HTTP REQUEST GET https://serviceusage.googleapis.com/v1/projects/feedboxx-e6837/services/cloudscheduler.googleapis.com  
 
[debug] [2021-03-02T15:09:16.390Z] >>> HTTP REQUEST GET https://serviceusage.googleapis.com/v1/projects/feedboxx-e6837/services/pubsub.googleapis.com  
 
[debug] [2021-03-02T15:09:16.755Z] <<< HTTP RESPONSE 200 {"content-type":"application/json; charset=UTF-8","vary":"X-Origin, Referer, Origin,Accept-Encoding","date":"Tue, 02 Mar 2021 15:09:16 GMT","server":"ESF","cache-control":"private","x-xss-protection":"0","x-frame-options":"SAMEORIGIN","x-content-type-options":"nosniff","alt-svc":"h3-29=\":443\"; ma=2592000,h3-T051=\":443\"; ma=2592000,h3-Q050=\":443\"; ma=2592000,h3-Q046=\":443\"; ma=2592000,h3-Q043=\":443\"; ma=2592000,quic=\":443\"; ma=2592000; v=\"46,43\"","accept-ranges":"none","transfer-encoding":"chunked"}
[info] ✔  scheduler: required API cloudscheduler.googleapis.com is enabled 
[debug] [2021-03-02T15:09:16.756Z] <<< HTTP RESPONSE 200 {"content-type":"application/json; charset=UTF-8","vary":"X-Origin, Referer, Origin,Accept-Encoding","date":"Tue, 02 Mar 2021 15:09:16 GMT","server":"ESF","cache-control":"private","x-xss-protection":"0","x-frame-options":"SAMEORIGIN","x-content-type-options":"nosniff","alt-svc":"h3-29=\":443\"; ma=2592000,h3-T051=\":443\"; ma=2592000,h3-Q050=\":443\"; ma=2592000,h3-Q046=\":443\"; ma=2592000,h3-Q043=\":443\"; ma=2592000,quic=\":443\"; ma=2592000; v=\"46,43\"","accept-ranges":"none","transfer-encoding":"chunked"}
[info] ✔  pubsub: required API pubsub.googleapis.com is enabled 
[debug] [2021-03-02T15:09:16.758Z] > [functions] package.json contents: {
  "name": "functions",
  "description": "Cloud Functions for Firebase",
  "scripts": {
    "serve": "firebase emulators:start --only functions",
    "shell": "firebase functions:shell",
    "start": "npm run shell",
    "deploy": "firebase deploy --only functions",
    "logs": "firebase functions:log"
  },
  "engines": {
    "node": "12"
  },
  "main": "index.js",
  "dependencies": {
    "firebase-admin": "^9.2.0",
    "firebase-functions": "^3.11.0",
    "moment": "^2.29.1",
    "moment-recur": "^1.0.7"
  },
  "devDependencies": {
    "firebase-functions-test": "^0.2.0"
  },
  "private": true
}
[debug] [2021-03-02T15:09:16.760Z] >>> HTTP REQUEST GET https://cloudfunctions.googleapis.com/v1/projects/feedboxx-e6837/locations/-/functions  
 
[debug] [2021-03-02T15:09:17.352Z] <<< HTTP RESPONSE 200 {"content-type":"application/json; charset=UTF-8","vary":"X-Origin, Referer, Origin,Accept-Encoding","date":"Tue, 02 Mar 2021 15:09:17 GMT","server":"ESF","cache-control":"private","x-xss-protection":"0","x-frame-options":"SAMEORIGIN","x-content-type-options":"nosniff","alt-svc":"h3-29=\":443\"; ma=2592000,h3-T051=\":443\"; ma=2592000,h3-Q050=\":443\"; ma=2592000,h3-Q046=\":443\"; ma=2592000,h3-Q043=\":443\"; ma=2592000,quic=\":443\"; ma=2592000; v=\"46,43\"","accept-ranges":"none","transfer-encoding":"chunked"}
[debug] [2021-03-02T15:09:17.354Z] >>> HTTP REQUEST POST https://cloudfunctions.googleapis.com/v1/projects/feedboxx-e6837/locations/us-central1/functions:generateUploadUrl  
 
[debug] [2021-03-02T15:09:18.008Z] <<< HTTP RESPONSE 200 {"content-type":"application/json; charset=UTF-8","vary":"X-Origin, Referer, Origin,Accept-Encoding","date":"Tue, 02 Mar 2021 15:09:18 GMT","server":"ESF","cache-control":"private","x-xss-protection":"0","x-frame-options":"SAMEORIGIN","x-content-type-options":"nosniff","alt-svc":"h3-29=\":443\"; ma=2592000,h3-T051=\":443\"; ma=2592000,h3-Q050=\":443\"; ma=2592000,h3-Q046=\":443\"; ma=2592000,h3-Q043=\":443\"; ma=2592000,quic=\":443\"; ma=2592000; v=\"46,43\"","accept-ranges":"none","transfer-encoding":"chunked"}
[debug] [2021-03-02T15:09:18.008Z] >>> HTTP REQUEST PUT https://storage.googleapis.com/gcf-upload-us-central1-7030e0fd-a0a0-4cf4-ab79-f4632b9b2a33/df8024c8-fbf6-42a3-9271-a4db1ce6d6c2.zip?GoogleAccessId=service-291483743497@gcf-admin-robot.iam.gserviceaccount.com&Expires=1614699557&Signature=MKFH22ggUl6DnzNLbn6CUfsrDGo%2FWplAbTs7FkEgq7rEOsasL635wz0A9LGaEdnB4BR8OvEHQcUCeLLpPjsjnlyI0CkP4PWkEOPlLyvi%2FojaW8CDAfrJ5rhdDkGxGfKK5UozrJZzOei047kTU9HnvzLlbb413qiE6L1mwzuU3V22vsw4dcwUbtrrC2xYnuWK8%2FYEuikCMIrY9bkPG98pwuyB1FD7ZmvBcXl88QQXwqw%2Fky7zwfmnYYySF%2FyWXlEFJOGD5GRWhcxN35jUXZXI1bQVHg50ihNzpMkKBeVRlzWeiaJF4HN%2BWyItIRQkT7QV1f%2BLTcR1qfdfm4nV%2Bfl%2Faw%3D%3D  
 <request body omitted>
[debug] [2021-03-02T15:09:18.199Z] <<< HTTP RESPONSE 200 {"x-guploader-uploadid":"ABg5-UxENn5CTIa2l8Txp15XQ_b8XMybiyEhah1we30q_u9hBiF4vXhZ2tZRXDgwHSpFIrT-hWjt_3MbItEoUPpK5NM","etag":"\"c250e1d2f1df9aed78798aa14df904e3\"","x-goog-generation":"1614697758206225","x-goog-metageneration":"1","x-goog-hash":"crc32c=SWHV+Q==, md5=wlDh0vHfmu14eYqhTfkE4w==","x-goog-stored-content-length":"24754","x-goog-stored-content-encoding":"identity","vary":"Origin","content-length":"0","date":"Tue, 02 Mar 2021 15:09:18 GMT","server":"UploadServer","content-type":"text/html; charset=UTF-8","alt-svc":"h3-29=\":443\"; ma=2592000,h3-T051=\":443\"; ma=2592000,h3-Q050=\":443\"; ma=2592000,h3-Q046=\":443\"; ma=2592000,h3-Q043=\":443\"; ma=2592000,quic=\":443\"; ma=2592000; v=\"46,43\""}
[info] ✔  functions: functions folder uploaded successfully 
[info] i  functions: updating Node.js 12 function helloWorld(us-central1)... 
[debug] [2021-03-02T15:09:18.204Z] >>> HTTP REQUEST PATCH https://cloudfunctions.googleapis.com/v1/projects/feedboxx-e6837/locations/us-central1/functions/helloWorld {"updateMask":"sourceUploadUrl,name,labels,runtime,environmentVariables,httpsTrigger"} 
 {"sourceUploadUrl":"https://storage.googleapis.com/gcf-upload-us-central1-7030e0fd-a0a0-4cf4-ab79-f4632b9b2a33/df8024c8-fbf6-42a3-9271-a4db1ce6d6c2.zip?GoogleAccessId=service-291483743497@gcf-admin-robot.iam.gserviceaccount.com&Expires=1614699557&Signature=MKFH22ggUl6DnzNLbn6CUfsrDGo%2FWplAbTs7FkEgq7rEOsasL635wz0A9LGaEdnB4BR8OvEHQcUCeLLpPjsjnlyI0CkP4PWkEOPlLyvi%2FojaW8CDAfrJ5rhdDkGxGfKK5UozrJZzOei047kTU9HnvzLlbb413qiE6L1mwzuU3V22vsw4dcwUbtrrC2xYnuWK8%2FYEuikCMIrY9bkPG98pwuyB1FD7ZmvBcXl88QQXwqw%2Fky7zwfmnYYySF%2FyWXlEFJOGD5GRWhcxN35jUXZXI1bQVHg50ihNzpMkKBeVRlzWeiaJF4HN%2BWyItIRQkT7QV1f%2BLTcR1qfdfm4nV%2Bfl%2Faw%3D%3D","name":"projects/feedboxx-e6837/locations/us-central1/functions/helloWorld","labels":{"deployment-tool":"cli-firebase"},"httpsTrigger":{},"runtime":"nodejs12","environmentVariables":{"FIREBASE_CONFIG":"{\"projectId\":\"feedboxx-e6837\",\"databaseURL\":\"https://feedboxx-e6837.firebaseio.com\",\"storageBucket\":\"feedboxx-e6837.appspot.com\",\"locationId\":\"us-central\"}"}}
[debug] [2021-03-02T15:09:18.205Z] >>> HTTP REQUEST GET https://cloudscheduler.googleapis.com/v1beta1/projects/feedboxx-e6837/locations/us-central1/jobs/firebase-schedule-scheduledFunction-us-central1  
 
[debug] [2021-03-02T15:09:18.740Z] <<< HTTP RESPONSE 200 {"content-type":"application/json; charset=UTF-8","vary":"X-Origin, Referer, Origin,Accept-Encoding","date":"Tue, 02 Mar 2021 15:09:18 GMT","server":"ESF","cache-control":"private","x-xss-protection":"0","x-frame-options":"SAMEORIGIN","x-content-type-options":"nosniff","alt-svc":"h3-29=\":443\"; ma=2592000,h3-T051=\":443\"; ma=2592000,h3-Q050=\":443\"; ma=2592000,h3-Q046=\":443\"; ma=2592000,h3-Q043=\":443\"; ma=2592000,quic=\":443\"; ma=2592000; v=\"46,43\"","accept-ranges":"none","transfer-encoding":"chunked"}
[info] i  functions: scheduler job firebase-schedule-scheduledFunction-us-central1 is up to date, no changes required 
[info] ✔  functions[scheduledFunction(us-central1)]: Successful upsert schedule operation.  
[debug] [2021-03-02T15:09:19.123Z] <<< HTTP RESPONSE 200 {"content-type":"application/json; charset=UTF-8","vary":"X-Origin, Referer, Origin,Accept-Encoding","date":"Tue, 02 Mar 2021 15:09:19 GMT","server":"ESF","cache-control":"private","x-xss-protection":"0","x-frame-options":"SAMEORIGIN","x-content-type-options":"nosniff","alt-svc":"h3-29=\":443\"; ma=2592000,h3-T051=\":443\"; ma=2592000,h3-Q050=\":443\"; ma=2592000,h3-Q046=\":443\"; ma=2592000,h3-Q043=\":443\"; ma=2592000,quic=\":443\"; ma=2592000; v=\"46,43\"","accept-ranges":"none","transfer-encoding":"chunked"}
[debug] [2021-03-02T15:09:19.125Z] > refreshing access token with scopes: []
[debug] [2021-03-02T15:09:19.126Z] >>> HTTP REQUEST POST https://www.googleapis.com/oauth2/v3/token  
 <request body omitted>
[debug] [2021-03-02T15:09:19.237Z] <<< HTTP RESPONSE 200 {"pragma":"no-cache","date":"Tue, 02 Mar 2021 15:09:19 GMT","cache-control":"no-cache, no-store, max-age=0, must-revalidate","expires":"Mon, 01 Jan 1990 00:00:00 GMT","content-type":"application/json; charset=utf-8","vary":"X-Origin, Referer, Origin,Accept-Encoding","server":"scaffolding on HTTPServer2","x-xss-protection":"0","x-frame-options":"SAMEORIGIN","x-content-type-options":"nosniff","alt-svc":"h3-29=\":443\"; ma=2592000,h3-T051=\":443\"; ma=2592000,h3-Q050=\":443\"; ma=2592000,h3-Q046=\":443\"; ma=2592000,h3-Q043=\":443\"; ma=2592000,quic=\":443\"; ma=2592000; v=\"46,43\"","accept-ranges":"none","transfer-encoding":"chunked"}
[debug] [2021-03-02T15:09:19.263Z] >>> [apiv2][query] GET https://cloudfunctions.googleapis.com/v1/operations/ZmVlZGJveHgtZTY4MzcvdXMtY2VudHJhbDEvaGVsbG9Xb3JsZC9GQk5ra0RQa0hQRQ [none]
[debug] [2021-03-02T15:09:19.562Z] <<< [apiv2][status] GET https://cloudfunctions.googleapis.com/v1/operations/ZmVlZGJveHgtZTY4MzcvdXMtY2VudHJhbDEvaGVsbG9Xb3JsZC9GQk5ra0RQa0hQRQ 200
[debug] [2021-03-02T15:09:19.562Z] <<< [apiv2][body] GET https://cloudfunctions.googleapis.com/v1/operations/ZmVlZGJveHgtZTY4MzcvdXMtY2VudHJhbDEvaGVsbG9Xb3JsZC9GQk5ra0RQa0hQRQ {"name":"operations/ZmVlZGJveHgtZTY4MzcvdXMtY2VudHJhbDEvaGVsbG9Xb3JsZC9GQk5ra0RQa0hQRQ","metadata":{"@type":"type.googleapis.com/google.cloud.functions.v1.OperationMetadataV1","target":"projects/feedboxx-e6837/locations/us-central1/functions/helloWorld","type":"UPDATE_FUNCTION","request":{"@type":"type.googleapis.com/google.cloud.functions.v1.CloudFunction","name":"projects/feedboxx-e6837/locations/us-central1/functions/helloWorld","httpsTrigger":{},"status":"ACTIVE","entryPoint":"helloWorld","timeout":"60s","availableMemoryMb":256,"serviceAccountEmail":"feedboxx-e6837@appspot.gserviceaccount.com","updateTime":"2021-03-02T14:57:23.032Z","versionId":"19","labels":{"deployment-tool":"cli-firebase"},"sourceUploadUrl":"https://storage.googleapis.com/gcf-upload-us-central1-7030e0fd-a0a0-4cf4-ab79-f4632b9b2a33/df8024c8-fbf6-42a3-9271-a4db1ce6d6c2.zip?GoogleAccessId=service-291483743497@gcf-admin-robot.iam.gserviceaccount.com&Expires=1614699557&Signature=MKFH22ggUl6DnzNLbn6CUfsrDGo%2FWplAbTs7FkEgq7rEOsasL635wz0A9LGaEdnB4BR8OvEHQcUCeLLpPjsjnlyI0CkP4PWkEOPlLyvi%2FojaW8CDAfrJ5rhdDkGxGfKK5UozrJZzOei047kTU9HnvzLlbb413qiE6L1mwzuU3V22vsw4dcwUbtrrC2xYnuWK8%2FYEuikCMIrY9bkPG98pwuyB1FD7ZmvBcXl88QQXwqw%2Fky7zwfmnYYySF%2FyWXlEFJOGD5GRWhcxN35jUXZXI1bQVHg50ihNzpMkKBeVRlzWeiaJF4HN%2BWyItIRQkT7QV1f%2BLTcR1qfdfm4nV%2Bfl%2Faw%3D%3D","environmentVariables":{"FIREBASE_CONFIG":"{\"projectId\":\"feedboxx-e6837\",\"databaseURL\":\"https://feedboxx-e6837.firebaseio.com\",\"storageBucket\":\"feedboxx-e6837.appspot.com\",\"locationId\":\"us-central\"}"},"runtime":"nodejs12","ingressSettings":"ALLOW_ALL","buildId":"49a6346a-97e2-47cf-a12b-3c504d160e20"},"versionId":"20","updateTime":"2021-03-02T15:09:19Z"}}
[debug] [2021-03-02T15:09:20.065Z] [update-projects/feedboxx-e6837/locations/us-central1/functions/helloWorld] Retrying task index 0
[debug] [2021-03-02T15:09:20.066Z] >>> [apiv2][query] GET https://cloudfunctions.googleapis.com/v1/operations/ZmVlZGJveHgtZTY4MzcvdXMtY2VudHJhbDEvaGVsbG9Xb3JsZC9GQk5ra0RQa0hQRQ [none]
[debug] [2021-03-02T15:09:20.370Z] <<< [apiv2][status] GET https://cloudfunctions.googleapis.com/v1/operations/ZmVlZGJveHgtZTY4MzcvdXMtY2VudHJhbDEvaGVsbG9Xb3JsZC9GQk5ra0RQa0hQRQ 200
[debug] [2021-03-02T15:09:20.370Z] <<< [apiv2][body] GET https://cloudfunctions.googleapis.com/v1/operations/ZmVlZGJveHgtZTY4MzcvdXMtY2VudHJhbDEvaGVsbG9Xb3JsZC9GQk5ra0RQa0hQRQ {"name":"operations/ZmVlZGJveHgtZTY4MzcvdXMtY2VudHJhbDEvaGVsbG9Xb3JsZC9GQk5ra0RQa0hQRQ","metadata":{"@type":"type.googleapis.com/google.cloud.functions.v1.OperationMetadataV1","target":"projects/feedboxx-e6837/locations/us-central1/functions/helloWorld","type":"UPDATE_FUNCTION","request":{"@type":"type.googleapis.com/google.cloud.functions.v1.CloudFunction","name":"projects/feedboxx-e6837/locations/us-central1/functions/helloWorld","httpsTrigger":{},"status":"ACTIVE","entryPoint":"helloWorld","timeout":"60s","availableMemoryMb":256,"serviceAccountEmail":"feedboxx-e6837@appspot.gserviceaccount.com","updateTime":"2021-03-02T14:57:23.032Z","versionId":"19","labels":{"deployment-tool":"cli-firebase"},"sourceUploadUrl":"https://storage.googleapis.com/gcf-upload-us-central1-7030e0fd-a0a0-4cf4-ab79-f4632b9b2a33/df8024c8-fbf6-42a3-9271-a4db1ce6d6c2.zip?GoogleAccessId=service-291483743497@gcf-admin-robot.iam.gserviceaccount.com&Expires=1614699557&Signature=MKFH22ggUl6DnzNLbn6CUfsrDGo%2FWplAbTs7FkEgq7rEOsasL635wz0A9LGaEdnB4BR8OvEHQcUCeLLpPjsjnlyI0CkP4PWkEOPlLyvi%2FojaW8CDAfrJ5rhdDkGxGfKK5UozrJZzOei047kTU9HnvzLlbb413qiE6L1mwzuU3V22vsw4dcwUbtrrC2xYnuWK8%2FYEuikCMIrY9bkPG98pwuyB1FD7ZmvBcXl88QQXwqw%2Fky7zwfmnYYySF%2FyWXlEFJOGD5GRWhcxN35jUXZXI1bQVHg50ihNzpMkKBeVRlzWeiaJF4HN%2BWyItIRQkT7QV1f%2BLTcR1qfdfm4nV%2Bfl%2Faw%3D%3D","environmentVariables":{"FIREBASE_CONFIG":"{\"projectId\":\"feedboxx-e6837\",\"databaseURL\":\"https://feedboxx-e6837.firebaseio.com\",\"storageBucket\":\"feedboxx-e6837.appspot.com\",\"locationId\":\"us-central\"}"},"runtime":"nodejs12","ingressSettings":"ALLOW_ALL","buildId":"49a6346a-97e2-47cf-a12b-3c504d160e20"},"versionId":"20","updateTime":"2021-03-02T15:09:19Z","buildId":"2663f029-e4bc-44ab-9a24-cc6665df413d"}}
[debug] [2021-03-02T15:09:21.371Z] [update-projects/feedboxx-e6837/locations/us-central1/functions/helloWorld] Retrying task index 0
[debug] [2021-03-02T15:09:21.371Z] >>> [apiv2][query] GET https://cloudfunctions.googleapis.com/v1/operations/ZmVlZGJveHgtZTY4MzcvdXMtY2VudHJhbDEvaGVsbG9Xb3JsZC9GQk5ra0RQa0hQRQ [none]
[debug] [2021-03-02T15:09:21.709Z] <<< [apiv2][status] GET https://cloudfunctions.googleapis.com/v1/operations/ZmVlZGJveHgtZTY4MzcvdXMtY2VudHJhbDEvaGVsbG9Xb3JsZC9GQk5ra0RQa0hQRQ 200
[debug] [2021-03-02T15:09:21.709Z] <<< [apiv2][body] GET https://cloudfunctions.googleapis.com/v1/operations/ZmVlZGJveHgtZTY4MzcvdXMtY2VudHJhbDEvaGVsbG9Xb3JsZC9GQk5ra0RQa0hQRQ {"name":"operations/ZmVlZGJveHgtZTY4MzcvdXMtY2VudHJhbDEvaGVsbG9Xb3JsZC9GQk5ra0RQa0hQRQ","metadata":{"@type":"type.googleapis.com/google.cloud.functions.v1.OperationMetadataV1","target":"projects/feedboxx-e6837/locations/us-central1/functions/helloWorld","type":"UPDATE_FUNCTION","request":{"@type":"type.googleapis.com/google.cloud.functions.v1.CloudFunction","name":"projects/feedboxx-e6837/locations/us-central1/functions/helloWorld","httpsTrigger":{},"status":"ACTIVE","entryPoint":"helloWorld","timeout":"60s","availableMemoryMb":256,"serviceAccountEmail":"feedboxx-e6837@appspot.gserviceaccount.com","updateTime":"2021-03-02T14:57:23.032Z","versionId":"19","labels":{"deployment-tool":"cli-firebase"},"sourceUploadUrl":"https://storage.googleapis.com/gcf-upload-us-central1-7030e0fd-a0a0-4cf4-ab79-f4632b9b2a33/df8024c8-fbf6-42a3-9271-a4db1ce6d6c2.zip?GoogleAccessId=service-291483743497@gcf-admin-robot.iam.gserviceaccount.com&Expires=1614699557&Signature=MKFH22ggUl6DnzNLbn6CUfsrDGo%2FWplAbTs7FkEgq7rEOsasL635wz0A9LGaEdnB4BR8OvEHQcUCeLLpPjsjnlyI0CkP4PWkEOPlLyvi%2FojaW8CDAfrJ5rhdDkGxGfKK5UozrJZzOei047kTU9HnvzLlbb413qiE6L1mwzuU3V22vsw4dcwUbtrrC2xYnuWK8%2FYEuikCMIrY9bkPG98pwuyB1FD7ZmvBcXl88QQXwqw%2Fky7zwfmnYYySF%2FyWXlEFJOGD5GRWhcxN35jUXZXI1bQVHg50ihNzpMkKBeVRlzWeiaJF4HN%2BWyItIRQkT7QV1f%2BLTcR1qfdfm4nV%2Bfl%2Faw%3D%3D","environmentVariables":{"FIREBASE_CONFIG":"{\"projectId\":\"feedboxx-e6837\",\"databaseURL\":\"https://feedboxx-e6837.firebaseio.com\",\"storageBucket\":\"feedboxx-e6837.appspot.com\",\"locationId\":\"us-central\"}"},"runtime":"nodejs12","ingressSettings":"ALLOW_ALL","buildId":"49a6346a-97e2-47cf-a12b-3c504d160e20"},"versionId":"20","updateTime":"2021-03-02T15:09:19Z","buildId":"2663f029-e4bc-44ab-9a24-cc6665df413d"}}
[debug] [2021-03-02T15:09:23.716Z] [update-projects/feedboxx-e6837/locations/us-central1/functions/helloWorld] Retrying task index 0
[debug] [2021-03-02T15:09:23.717Z] >>> [apiv2][query] GET https://cloudfunctions.googleapis.com/v1/operations/ZmVlZGJveHgtZTY4MzcvdXMtY2VudHJhbDEvaGVsbG9Xb3JsZC9GQk5ra0RQa0hQRQ [none]
[debug] [2021-03-02T15:09:24.064Z] <<< [apiv2][status] GET https://cloudfunctions.googleapis.com/v1/operations/ZmVlZGJveHgtZTY4MzcvdXMtY2VudHJhbDEvaGVsbG9Xb3JsZC9GQk5ra0RQa0hQRQ 200
[debug] [2021-03-02T15:09:24.065Z] <<< [apiv2][body] GET https://cloudfunctions.googleapis.com/v1/operations/ZmVlZGJveHgtZTY4MzcvdXMtY2VudHJhbDEvaGVsbG9Xb3JsZC9GQk5ra0RQa0hQRQ {"name":"operations/ZmVlZGJveHgtZTY4MzcvdXMtY2VudHJhbDEvaGVsbG9Xb3JsZC9GQk5ra0RQa0hQRQ","metadata":{"@type":"type.googleapis.com/google.cloud.functions.v1.OperationMetadataV1","target":"projects/feedboxx-e6837/locations/us-central1/functions/helloWorld","type":"UPDATE_FUNCTION","request":{"@type":"type.googleapis.com/google.cloud.functions.v1.CloudFunction","name":"projects/feedboxx-e6837/locations/us-central1/functions/helloWorld","httpsTrigger":{},"status":"ACTIVE","entryPoint":"helloWorld","timeout":"60s","availableMemoryMb":256,"serviceAccountEmail":"feedboxx-e6837@appspot.gserviceaccount.com","updateTime":"2021-03-02T14:57:23.032Z","versionId":"19","labels":{"deployment-tool":"cli-firebase"},"sourceUploadUrl":"https://storage.googleapis.com/gcf-upload-us-central1-7030e0fd-a0a0-4cf4-ab79-f4632b9b2a33/df8024c8-fbf6-42a3-9271-a4db1ce6d6c2.zip?GoogleAccessId=service-291483743497@gcf-admin-robot.iam.gserviceaccount.com&Expires=1614699557&Signature=MKFH22ggUl6DnzNLbn6CUfsrDGo%2FWplAbTs7FkEgq7rEOsasL635wz0A9LGaEdnB4BR8OvEHQcUCeLLpPjsjnlyI0CkP4PWkEOPlLyvi%2FojaW8CDAfrJ5rhdDkGxGfKK5UozrJZzOei047kTU9HnvzLlbb413qiE6L1mwzuU3V22vsw4dcwUbtrrC2xYnuWK8%2FYEuikCMIrY9bkPG98pwuyB1FD7ZmvBcXl88QQXwqw%2Fky7zwfmnYYySF%2FyWXlEFJOGD5GRWhcxN35jUXZXI1bQVHg50ihNzpMkKBeVRlzWeiaJF4HN%2BWyItIRQkT7QV1f%2BLTcR1qfdfm4nV%2Bfl%2Faw%3D%3D","environmentVariables":{"FIREBASE_CONFIG":"{\"projectId\":\"feedboxx-e6837\",\"databaseURL\":\"https://feedboxx-e6837.firebaseio.com\",\"storageBucket\":\"feedboxx-e6837.appspot.com\",\"locationId\":\"us-central\"}"},"runtime":"nodejs12","ingressSettings":"ALLOW_ALL","buildId":"49a6346a-97e2-47cf-a12b-3c504d160e20"},"versionId":"20","updateTime":"2021-03-02T15:09:19Z","buildId":"2663f029-e4bc-44ab-9a24-cc6665df413d"}}
[debug] [2021-03-02T15:09:28.066Z] [update-projects/feedboxx-e6837/locations/us-central1/functions/helloWorld] Retrying task index 0
[debug] [2021-03-02T15:09:28.066Z] >>> [apiv2][query] GET https://cloudfunctions.googleapis.com/v1/operations/ZmVlZGJveHgtZTY4MzcvdXMtY2VudHJhbDEvaGVsbG9Xb3JsZC9GQk5ra0RQa0hQRQ [none]
[debug] [2021-03-02T15:09:28.364Z] <<< [apiv2][status] GET https://cloudfunctions.googleapis.com/v1/operations/ZmVlZGJveHgtZTY4MzcvdXMtY2VudHJhbDEvaGVsbG9Xb3JsZC9GQk5ra0RQa0hQRQ 200
[debug] [2021-03-02T15:09:28.365Z] <<< [apiv2][body] GET https://cloudfunctions.googleapis.com/v1/operations/ZmVlZGJveHgtZTY4MzcvdXMtY2VudHJhbDEvaGVsbG9Xb3JsZC9GQk5ra0RQa0hQRQ {"name":"operations/ZmVlZGJveHgtZTY4MzcvdXMtY2VudHJhbDEvaGVsbG9Xb3JsZC9GQk5ra0RQa0hQRQ","metadata":{"@type":"type.googleapis.com/google.cloud.functions.v1.OperationMetadataV1","target":"projects/feedboxx-e6837/locations/us-central1/functions/helloWorld","type":"UPDATE_FUNCTION","request":{"@type":"type.googleapis.com/google.cloud.functions.v1.CloudFunction","name":"projects/feedboxx-e6837/locations/us-central1/functions/helloWorld","httpsTrigger":{},"status":"ACTIVE","entryPoint":"helloWorld","timeout":"60s","availableMemoryMb":256,"serviceAccountEmail":"feedboxx-e6837@appspot.gserviceaccount.com","updateTime":"2021-03-02T14:57:23.032Z","versionId":"19","labels":{"deployment-tool":"cli-firebase"},"sourceUploadUrl":"https://storage.googleapis.com/gcf-upload-us-central1-7030e0fd-a0a0-4cf4-ab79-f4632b9b2a33/df8024c8-fbf6-42a3-9271-a4db1ce6d6c2.zip?GoogleAccessId=service-291483743497@gcf-admin-robot.iam.gserviceaccount.com&Expires=1614699557&Signature=MKFH22ggUl6DnzNLbn6CUfsrDGo%2FWplAbTs7FkEgq7rEOsasL635wz0A9LGaEdnB4BR8OvEHQcUCeLLpPjsjnlyI0CkP4PWkEOPlLyvi%2FojaW8CDAfrJ5rhdDkGxGfKK5UozrJZzOei047kTU9HnvzLlbb413qiE6L1mwzuU3V22vsw4dcwUbtrrC2xYnuWK8%2FYEuikCMIrY9bkPG98pwuyB1FD7ZmvBcXl88QQXwqw%2Fky7zwfmnYYySF%2FyWXlEFJOGD5GRWhcxN35jUXZXI1bQVHg50ihNzpMkKBeVRlzWeiaJF4HN%2BWyItIRQkT7QV1f%2BLTcR1qfdfm4nV%2Bfl%2Faw%3D%3D","environmentVariables":{"FIREBASE_CONFIG":"{\"projectId\":\"feedboxx-e6837\",\"databaseURL\":\"https://feedboxx-e6837.firebaseio.com\",\"storageBucket\":\"feedboxx-e6837.appspot.com\",\"locationId\":\"us-central\"}"},"runtime":"nodejs12","ingressSettings":"ALLOW_ALL","buildId":"49a6346a-97e2-47cf-a12b-3c504d160e20"},"versionId":"20","updateTime":"2021-03-02T15:09:19Z","buildId":"2663f029-e4bc-44ab-9a24-cc6665df413d"}}
[debug] [2021-03-02T15:09:36.369Z] [update-projects/feedboxx-e6837/locations/us-central1/functions/helloWorld] Retrying task index 0
[debug] [2021-03-02T15:09:36.370Z] >>> [apiv2][query] GET https://cloudfunctions.googleapis.com/v1/operations/ZmVlZGJveHgtZTY4MzcvdXMtY2VudHJhbDEvaGVsbG9Xb3JsZC9GQk5ra0RQa0hQRQ [none]
[debug] [2021-03-02T15:09:36.662Z] <<< [apiv2][status] GET https://cloudfunctions.googleapis.com/v1/operations/ZmVlZGJveHgtZTY4MzcvdXMtY2VudHJhbDEvaGVsbG9Xb3JsZC9GQk5ra0RQa0hQRQ 200
[debug] [2021-03-02T15:09:36.662Z] <<< [apiv2][body] GET https://cloudfunctions.googleapis.com/v1/operations/ZmVlZGJveHgtZTY4MzcvdXMtY2VudHJhbDEvaGVsbG9Xb3JsZC9GQk5ra0RQa0hQRQ {"name":"operations/ZmVlZGJveHgtZTY4MzcvdXMtY2VudHJhbDEvaGVsbG9Xb3JsZC9GQk5ra0RQa0hQRQ","metadata":{"@type":"type.googleapis.com/google.cloud.functions.v1.OperationMetadataV1","target":"projects/feedboxx-e6837/locations/us-central1/functions/helloWorld","type":"UPDATE_FUNCTION","request":{"@type":"type.googleapis.com/google.cloud.functions.v1.CloudFunction","name":"projects/feedboxx-e6837/locations/us-central1/functions/helloWorld","httpsTrigger":{},"status":"ACTIVE","entryPoint":"helloWorld","timeout":"60s","availableMemoryMb":256,"serviceAccountEmail":"feedboxx-e6837@appspot.gserviceaccount.com","updateTime":"2021-03-02T14:57:23.032Z","versionId":"19","labels":{"deployment-tool":"cli-firebase"},"sourceUploadUrl":"https://storage.googleapis.com/gcf-upload-us-central1-7030e0fd-a0a0-4cf4-ab79-f4632b9b2a33/df8024c8-fbf6-42a3-9271-a4db1ce6d6c2.zip?GoogleAccessId=service-291483743497@gcf-admin-robot.iam.gserviceaccount.com&Expires=1614699557&Signature=MKFH22ggUl6DnzNLbn6CUfsrDGo%2FWplAbTs7FkEgq7rEOsasL635wz0A9LGaEdnB4BR8OvEHQcUCeLLpPjsjnlyI0CkP4PWkEOPlLyvi%2FojaW8CDAfrJ5rhdDkGxGfKK5UozrJZzOei047kTU9HnvzLlbb413qiE6L1mwzuU3V22vsw4dcwUbtrrC2xYnuWK8%2FYEuikCMIrY9bkPG98pwuyB1FD7ZmvBcXl88QQXwqw%2Fky7zwfmnYYySF%2FyWXlEFJOGD5GRWhcxN35jUXZXI1bQVHg50ihNzpMkKBeVRlzWeiaJF4HN%2BWyItIRQkT7QV1f%2BLTcR1qfdfm4nV%2Bfl%2Faw%3D%3D","environmentVariables":{"FIREBASE_CONFIG":"{\"projectId\":\"feedboxx-e6837\",\"databaseURL\":\"https://feedboxx-e6837.firebaseio.com\",\"storageBucket\":\"feedboxx-e6837.appspot.com\",\"locationId\":\"us-central\"}"},"runtime":"nodejs12","ingressSettings":"ALLOW_ALL","buildId":"49a6346a-97e2-47cf-a12b-3c504d160e20"},"versionId":"20","updateTime":"2021-03-02T15:09:19Z","buildId":"2663f029-e4bc-44ab-9a24-cc6665df413d"}}
